C51 COMPILER V9.57.0.0   DISPLAY                                                           04/17/2019 19:02:27 PAGE 1   


C51 COMPILER V9.57.0.0, COMPILATION OF MODULE DISPLAY
OBJECT MODULE PLACED IN .\Objects\display.obj
COMPILER INVOKED BY: C:\Keil_v5\C51\BIN\C51.EXE display.c OPTIMIZE(8,SPEED) BROWSE DEBUG OBJECTEXTEND PRINT(.\Listings\d
                    -isplay.lst) TABS(2) OBJECT(.\Objects\display.obj)

line level    source

   1          //*****李海_代码练习
   2          
   3          #include  <stc15w.h>    //单片机头文件
   4          
   5          /**************定义宏***************/
   6          #define   RCT_ENABLE  1 
   7          
   8          #define   LED8_TYPE 0x00    //共阴数码管
   9          
  10          #define   Timer0_Reload (65536UL -(MAIN_Fosc / 1000))
  11          
  12          
  13          
  14          /**************本地常量声明***************/
  15          u8 code t_display[]={     //标准字库
  16            0x3F,0x06,0x5B,0x4F,0x66,0x6D,0x7D,0x07,0x7F,0x6F,0x77,0x7C,0x39,0x5E,0x79,0x71,
  17            0x00,0x40,0x76,0x1E,0x70,0x38,0x37,0x5C,0x73,0x3E,0x78,0x3d,0x67,0x50,0x37,0x6e,
  18            0xBF,0x86,0xDB,0xCF,0xE6,0xED,0xFD,0x87,0xFF,0xEF,0x46
  19          };
  20          
  21          
  22          u8 code T_COM[]={
  23            0x01,0x02,0x04,0x08,0x10,0x20,0x40,0x80
  24          };                //位码
  25          
  26          
  27          /**************IO口定义***********/
  28          sbit  P_HC595_SER   = P4^0;
  29          sbit  P_HC595_RCLK  = P5^4;
  30          sbit  P_HC595_SRCLK = P4^3;
  31          
  32          /*************  本地变量声明  **************/
  33          u8  LED8[8];    //显示缓冲
  34          u8  shu;      
  35          u8  shu_8;    //显示位索引
  36          bit B_1ms;      //1ms标志
  37          
  38          u16 msecond;  //用于记录定时器溢出次数，控制时间
  39          
  40          /************* 本地变量声明  *********/
  41          
  42          /*************  加法  ****************/
  43          void RTC(void)
  44          {
  45   1        if(shu++ >= 15) shu = 0;  //0~9循环，和归为
  46   1      }
  47          /*************  显示  ****************/
  48          void  DisplayRTC(void)
  49          {
  50   1        u8 i = 0;
  51   1        for(i = 0 ; i < 8 ; i++)  LED8[i] = shu;  //把shu的值放到LED[]
  52   1      }
  53          
  54          /*********  主函数  **********/
C51 COMPILER V9.57.0.0   DISPLAY                                                           04/17/2019 19:02:27 PAGE 2   

  55          int main (void)
  56          {
  57   1        u8 i;
  58   1        shu = 0;
  59   1        shu_8 = 0;
  60   1        
  61   1        Timer0_1T();
  62   1        Timer0_AsTimer();
  63   1        Timer0_16bitAutoReload();
  64   1        Timer0_Load(Timer0_Reload);
  65   1        Timer0_InterruptEnable();
  66   1        Timer0_Run();
  67   1        EA = 1;
  68   1        
  69   1        for(i=0; i<8; i++)  LED8[i] = i;  //显示01234567
  70   1        
  71   1        while(1)
  72   1        {
  73   2          if(B_1ms)
  74   2          {
  75   3            B_1ms =0;
  76   3            if(++msecond >= 500)
  77   3            {
  78   4              msecond = 0;
  79   4              DisplayRTC();
  80   4              RTC();
  81   4            }
  82   3          }
  83   2        }
  84   1      }
  85          
  86          /**************** 向HC595发送一个字节函数 ******************/
  87          void Send_595(u8 dat)
  88          {   
  89   1        u8  i;
  90   1        for(i=0; i<8; i++)
  91   1        {
  92   2          dat <<= 1;
  93   2          P_HC595_SER   = CY;
  94   2          P_HC595_SRCLK = 1;
  95   2          P_HC595_SRCLK = 0;
  96   2        }
  97   1      }
  98          
  99          /********************** 显示扫描函数 ************************/
 100          void DisplayScan(void)
 101          { 
 102   1        Send_595(~LED8_TYPE ^ T_COM[shu_8]);        //输出位码
 103   1        Send_595( LED8_TYPE ^ t_display[LED8[shu_8]]);  //输出段码
 104   1      
 105   1        P_HC595_RCLK = 1;
 106   1        P_HC595_RCLK = 0;             //锁存输出数据
 107   1        if(++shu_8 >= 8)  shu_8 = 0;  //8位结束回0
 108   1      }
 109          
 110          /********************** Timer0 1ms中断函数 ************************/
 111          void timer0 (void) interrupt TIMER0_VECTOR
 112          {
 113   1        DisplayScan();  //1ms扫描显示一位
 114   1        B_1ms = 1;    //1ms标志
 115   1        
 116   1      }
C51 COMPILER V9.57.0.0   DISPLAY                                                           04/17/2019 19:02:27 PAGE 3   



MODULE INFORMATION:   STATIC OVERLAYABLE
   CODE SIZE        =    195    ----
   CONSTANT SIZE    =     51    ----
   XDATA SIZE       =   ----    ----
   PDATA SIZE       =   ----    ----
   DATA SIZE        =     12    ----
   IDATA SIZE       =   ----    ----
   BIT SIZE         =      1    ----
END OF MODULE INFORMATION.


C51 COMPILATION COMPLETE.  0 WARNING(S),  0 ERROR(S)
