C51 COMPILER V9.57.0.0   ________                                                          04/17/2019 13:27:36 PAGE 1   


C51 COMPILER V9.57.0.0, COMPILATION OF MODULE ________
OBJECT MODULE PLACED IN .\Objects\动态显示.obj
COMPILER INVOKED BY: C:\Keil_v5\C51\BIN\C51.EXE 动态显示.c OPTIMIZE(8,SPEED) BROWSE DEBUG OBJECTEXTEND PRINT(.\Listings\
                    -动态显示.lst) TABS(2) OBJECT(.\Objects\动态显示.obj)

line level    source

   1          //*****李海_代码练习
   2          
   3          #include  <stc15w.h>    //单片机头文件
   4          
   5          /**************定义宏***************/
   6          #define   RCT_ENABLE  1 
   7          
   8          #define   LED_TYPE  0x00    //共阴数码管
   9          
  10          #define   Timer_Reload  (65536UL -(MAIN_Fosc / 1000))
  11          
  12          
  13          
  14          /**************本地常量声明***************/
  15          u8 code t_display[]={     //标准字库
*** ERROR C129 IN LINE 15 OF 动态显示.c: missing ';' before 'code'
  16            0x3F,0x06,0x5B,0x4F,0x66,0x6D,0x7D,0x07,0x7F,0x6F,0x77,0x7C,0x39,0x5E,0x79,0x71,
  17            0x00,0x40,0x76,0x1E,0x70,0x38,0x37,0x5C,0x73,0x3E,0x78,0x3d,0x67,0x50,0x37,0x6e,
  18            0xBF,0x86,0xDB,0xCF,0xE6,0xED,0xFD,0x87,0xFF,0xEF,0x46
  19          };
  20          
  21          
  22          u8 code T_COM[]={
  23            0x01,0x02,0x04,0x08,0x10,0x20,0x40,0x80
  24          };                //位码
  25          
  26          
  27          /**************IO口定义***********/
  28          sbit  P_HC595_SER   = P4^0;
  29          sbit  P_HC595_RCLK  = P5^4;
  30          sbit  P_HC595_SRCLK = P4^3;
  31          
  32          /*************  本地变量声明  **************/
  33          u8  LED8[8];    //显示缓冲
  34          u8  shu;      //显示位索引
  35          bit B_1ms;      //1ms标志
  36          
  37          u16 msecond;
  38          
  39          /************* 本地变量声明  *********/
  40          
  41          /*************  加法  ****************/
  42          void RTC(void)
  43          {
  44            if(++shu >= 9)  shu = 0;
  45          }
  46          
  47          /*************  显示  ****************/
  48          void  DisplayRTC(void)
  49          {
  50            u8 i = 0;
  51            for(i = 0 ; i < 8 ; i++)  LED[i] = shu;
  52          }
  53          
C51 COMPILER V9.57.0.0   ________                                                          04/17/2019 13:27:36 PAGE 2   

  54          /**************  显示函数  ************/
  55          void  display(void)
  56          {
  57            u8 x=0;
  58            for(,x<8,++x)
  59            {
  60              LED[x] = x;
  61            }
  62          }
  63          
  64          
  65          /*********  主函数  **********/
  66          int main (void)
  67          {
  68            shu = 0;
  69            
  70            Timer0_1T();
  71            Timer0_AsTimer();
  72            Timer0_16bitAutoReload();
  73            Timer0_Load(Timer0_Reload);
  74            Timer0_InterruptEnable();
  75            Timer0_Run();
  76            EA = 1; 
  77            
  78            for(i=0; i<8; i++)  LED8[i] = i;  //显示01234567
  79            
  80            while(1)
  81            {
  82              if(B_1ms)
  83              {
  84                B_1ms =0;
  85                if(++msecond >= 1000)
  86                {
  87                  msecond = 0;
  88                  RTC();
  89                  DisplayRTC();
  90                }
  91              }
  92            }
  93          }
  94          
  95          /**************** 向HC595发送一个字节函数 ******************/
  96          void Send_595(u8 dat)
  97          {   
  98            u8  i;
  99            for(i=0; i<8; i++)
 100            {
 101              dat <<= 1;
 102              P_HC595_SER   = CY;
 103              P_HC595_SRCLK = 1;
 104              P_HC595_SRCLK = 0;
 105            }
 106          }
 107          
 108          /********************** 显示扫描函数 ************************/
 109          void DisplayScan(void)
 110          { 
 111            Send_595(~LED_TYPE ^ T_COM[display_index]);       //输出位码
 112            Send_595( LED_TYPE ^ t_display[LED8[display_index]]); //输出段码
 113          
 114            P_HC595_RCLK = 1;
 115            P_HC595_RCLK = 0;             //锁存输出数据
C51 COMPILER V9.57.0.0   ________                                                          04/17/2019 13:27:36 PAGE 3   

 116            if(++display_index >= 8)  display_index = 0;  //8位结束回0
 117          }
 118          
 119          /********************** Timer0 1ms中断函数 ************************/
 120          void timer0 (void) interrupt TIMER0_VECTOR
 121          {
 122            DisplayScan();  //1ms扫描显示一位
 123            B_1ms = 1;    //1ms标志
 124            
 125          }

C51 COMPILATION COMPLETE.  0 WARNING(S),  1 ERROR(S)
